Build started 8/8/2024 2:20:52 PM.
     1>Project "C:\Users\Ahbar\documents\visual studio 2010\Projects\YES_NO\YES_NO\YES_NO.vcxproj" on node 2 (build target(s)).
     1>InitializeBuildStatus:
         Creating "Debug\YES_NO.unsuccessfulbuild" because "AlwaysCreate" was specified.
       ClCompile:
         All outputs are up-to-date.
         C:\Program Files (x86)\Microsoft Visual Studio 10.0\VC\bin\CL.exe /c /ZI /nologo /W3 /WX- /Od /Oy- /D WIN32 /D _DEBUG /D _CONSOLE /D _UNICODE /D UNICODE /Gm /EHsc /RTC1 /MDd /GS /fp:precise /Zc:wchar_t /Zc:forScope /Yu"StdAfx.h" /Fp"Debug\YES_NO.pch" /Fo"Debug\\" /Fd"Debug\vc100.pdb" /Gd /TP /analyze- /errorReport:prompt YES_NO.cpp
         YES_NO.cpp
     1>c:\users\ahbar\documents\visual studio 2010\projects\yes_no\yes_no\yes_no.cpp(98): warning C4996: 'fopen': This function or variable may be unsafe. Consider using fopen_s instead. To disable deprecation, use _CRT_SECURE_NO_WARNINGS. See online help for details.
                 c:\program files (x86)\microsoft visual studio 10.0\vc\include\stdio.h(234) : see declaration of 'fopen'
     1>c:\users\ahbar\documents\visual studio 2010\projects\yes_no\yes_no\yes_no.cpp(106): warning C4996: 'fscanf': This function or variable may be unsafe. Consider using fscanf_s instead. To disable deprecation, use _CRT_SECURE_NO_WARNINGS. See online help for details.
                 c:\program files (x86)\microsoft visual studio 10.0\vc\include\stdio.h(253) : see declaration of 'fscanf'
       ManifestResourceCompile:
         All outputs are up-to-date.
       Link:
         C:\Program Files (x86)\Microsoft Visual Studio 10.0\VC\bin\link.exe /ERRORREPORT:PROMPT /OUT:"C:\Users\Ahbar\documents\visual studio 2010\Projects\YES_NO\Debug\YES_NO.exe" /INCREMENTAL /NOLOGO kernel32.lib user32.lib gdi32.lib winspool.lib comdlg32.lib advapi32.lib shell32.lib ole32.lib oleaut32.lib uuid.lib odbc32.lib odbccp32.lib /MANIFEST /ManifestFile:"Debug\YES_NO.exe.intermediate.manifest" /MANIFESTUAC:"level='asInvoker' uiAccess='false'" /DEBUG /PDB:"C:\Users\Ahbar\documents\visual studio 2010\Projects\YES_NO\Debug\YES_NO.pdb" /SUBSYSTEM:CONSOLE /TLBID:1 /DYNAMICBASE /NXCOMPAT /IMPLIB:"C:\Users\Ahbar\documents\visual studio 2010\Projects\YES_NO\Debug\YES_NO.lib" /MACHINE:X86 Debug\YES_NO.exe.embed.manifest.res
         Debug\stdafx.obj
         Debug\YES_NO.obj
       Manifest:
         C:\Program Files (x86)\Microsoft SDKs\Windows\v7.0A\bin\mt.exe /nologo /verbose /out:"Debug\YES_NO.exe.embed.manifest" /manifest Debug\YES_NO.exe.intermediate.manifest
         All outputs are up-to-date.
       LinkEmbedManifest:
         All outputs are up-to-date.
         YES_NO.vcxproj -> C:\Users\Ahbar\documents\visual studio 2010\Projects\YES_NO\Debug\YES_NO.exe
       FinalizeBuildStatus:
         Deleting file "Debug\YES_NO.unsuccessfulbuild".
         Touching "Debug\YES_NO.lastbuildstate".
     1>Done Building Project "C:\Users\Ahbar\documents\visual studio 2010\Projects\YES_NO\YES_NO\YES_NO.vcxproj" (build target(s)).

Build succeeded.

Time Elapsed 00:00:00.59
